<?xml version="1.0" encoding="UTF-8"?>
<!-- Generated by org.testng.reporters.JUnitReportReporter -->
<testsuite hostname="DLAP-0479" failures="0" tests="1" name="AutomationStepbyStep.TestNg_Demo" time="5.426" errors="0" timestamp="07 Dec 2023 07:24:38 GMT" skipped="0">
  <testcase classname="AutomationStepbyStep.TestNg_Demo" name="Googlesearch" time="5.426"/>
</testsuite> <!-- AutomationStepbyStep.TestNg_Demo -->
